2025-09-28 10:32:04 info: Congratulations, your extension "Embold" is now active!
2025-09-28 10:32:04 info: ************* init ****************
2025-09-28 10:32:04 info: tempDirectory : /Users/davidstinnett/.vscode/extensions/embold-vscode.embold-0.3.1/temp
2025-09-28 10:32:06 error: SQLITE_ERROR: no such table: issues
2025-09-28 10:32:06 info: Extraction complete for source: /Users/davidstinnett/.vscode/extensions/embold-vscode.embold-0.3.1/resources/embold-scanner-archive.zip, destination: /Users/davidstinnett/.vscode/extensions/embold-vscode.embold-0.3.1/temp
2025-09-28 10:32:06 info: Extension installed on machine OS : darwin
2025-09-28 10:32:06 info: Fetched the issues from DB
2025-09-28 10:32:07 info: Java version installed on machine : 
openjdk version "21.0.3" 2024-04-16 LTS
IBM Semeru Runtime Open Edition 21.0.3.0 (build 21.0.3+9-LTS)
Eclipse OpenJ9 VM 21.0.3.0 (build openj9-0.44.0, JRE 21 Mac OS X aarch64-64-Bit 20240416_179 (JIT enabled, AOT enabled)
OpenJ9   - b0699311c7
OMR      - 254af5a04
JCL      - ac8f341bc20 based on jdk-21.0.3+9)

2025-09-28 10:32:07 info: Java installed on machine.
2025-09-28 10:32:07 info: Embold extension version response:{"hasSupport":false,"version":"0.2.1","changeNotes":"<div> <p>Release Date: 30 Apr, 2025 <br><span>Bug fixes and improvements.</span></p> </div>"}
2025-09-28 10:32:07 info: Current installed embold extension version : 0.3.1
2025-09-28 10:32:07 info: Latest embold extension version on marketplace : 0.2.1
2025-09-28 10:32:07 info: Current extension version: 0.3.1
2025-09-28 10:32:07 info: Stored extension version: 0.3.1
2025-09-28 10:32:07 info: No new installation or upgrade detected. Skipping plugin activation tracking.
2025-09-28 13:22:08 info: Embold Url: [object Promise]
2025-09-28 13:22:08 info: AI server url: 
2025-09-28 13:22:08 info: language: javascript
2025-09-28 13:22:08 error: One of the following is not provided : Embold URL/Embold Token/ AI Server URL
2025-09-28 13:22:08 info: showAiFeaturepopup is called
2025-09-28 15:17:23 info: Embold Url: [object Promise]
2025-09-28 15:17:23 info: AI server url: 
2025-09-28 15:17:23 info: language: javascript
2025-09-28 15:17:23 error: One of the following is not provided : Embold URL/Embold Token/ AI Server URL
2025-09-28 15:17:23 info: showAiFeaturepopup is called
2025-09-28 15:49:03 info: Row(s) deleted
2025-09-28 15:54:47 info: Embold Url: [object Promise]
2025-09-28 15:54:47 info: AI server url: 
2025-09-28 15:54:47 info: language: javascript
2025-09-28 15:54:47 error: One of the following is not provided : Embold URL/Embold Token/ AI Server URL
2025-09-28 15:54:47 info: showAiFeaturepopup is called
2025-09-28 15:54:52 info: Embold Url: [object Promise]
2025-09-28 15:54:52 info: AI server url: 
2025-09-28 15:54:52 info: language: javascript
2025-09-28 15:54:52 error: One of the following is not provided : Embold URL/Embold Token/ AI Server URL
2025-09-28 15:54:52 info: showAiFeaturepopup is called
2025-09-28 16:52:39 info: Row(s) deleted
2025-09-28 16:52:39 info: Row(s) deleted
2025-09-28 16:52:47 info: Row(s) deleted
